<?xml version="1.0" encoding="UTF-8"?>
<!-- Generated by org.testng.reporters.JUnitXMLReporter -->
<testsuite ignored="0" hostname="COG-WIN-MAC03" failures="0" tests="14" name="Default test" time="1121.038" errors="0" timestamp="2023-07-19T00:40:22 IST">
  <testcase classname="testcases.PassportInformationTest" name="addPassportInformationValidationCheck" time="43.97"/>
  <testcase classname="testcases.PassportInformationTest" name="addPassportInformation" time="164.169"/>
  <testcase classname="testcases.PassportInformationTest" name="validatePassportUserName" time="50.844"/>
  <testcase classname="testcases.PassportInformationTest" name="validatePassportUserNameWithStatusSearchFilter" time="53.957"/>
  <testcase classname="testcases.PassportInformationTest" name="validateUpdateFunctionality" time="60.619"/>
  <testcase classname="testcases.PassportInformationTest" name="validateViewPassportButtonFunctionality" time="63.014"/>
  <testcase classname="testcases.PassportInformationTest" name="addVisaDetailsValidationCheck" time="75.43"/>
  <testcase classname="testcases.PassportInformationTest" name="addVisaDetails" time="98.541"/>
  <testcase classname="testcases.PassportInformationTest" name="validateVisaNumber" time="65.513"/>
  <testcase classname="testcases.PassportInformationTest" name="validateVisaNumberWithStatusSearchFilter" time="72.699"/>
  <testcase classname="testcases.PassportInformationTest" name="validateUpdateFunctionalityOfVisa" time="79.869"/>
  <testcase classname="testcases.PassportInformationTest" name="validateDeleteFunctionalityOfVisa" time="90.451"/>
  <testcase classname="testcases.PassportInformationTest" name="verifySortingFunctionality" time="128.248"/>
  <testcase classname="testcases.PassportInformationTest" name="validateDeleteFunctionalityOfPassport" time="62.842"/>
</testsuite> <!-- Default test -->
